<?xml version="1.0" encoding="UTF-8"?>
<!-- Generated by org.testng.reporters.JUnitXMLReporter -->
<testsuite hostname="DESKTOP-K611QUO" ignored="0" name="Test" tests="6" failures="0" timestamp="15 Nov 2022 14:14:15 GMT" time="64.714" errors="0">
  <testcase name="tc1" time="30.854" classname="org.abcd.qwer"/>
  <testcase name="tc4" time="30.854" classname="org.abcd.Sample"/>
  <testcase name="tc5" time="19.724" classname="org.abcd.Sample"/>
  <testcase name="tc2" time="19.726" classname="org.abcd.qwer"/>
  <testcase name="tc6" time="14.073" classname="org.abcd.Sample"/>
  <testcase name="tc3" time="14.072" classname="org.abcd.qwer"/>
</testsuite> <!-- Test -->
